Build started 24-Feb-13 12:10:46 AM.
     1>Project "C:\Users\Bennettbugs\Game_Development\Living_Code\Living_Code\Living_Code.vcxproj" on node 2 (build target(s)).
     1>InitializeBuildStatus:
         Creating "Debug\Living_Code.unsuccessfulbuild" because "AlwaysCreate" was specified.
       ClCompile:
         c:\Program Files (x86)\Microsoft Visual Studio 10.0\VC\bin\CL.exe /c /ZI /nologo /W3 /WX- /Od /Oi /Ot /Oy /GT /D _MBCS /D _ATL_STATIC_REGISTRY /Gm /EHsc /RTC1 /MTd /GS /fp:precise /Zc:wchar_t /Zc:forScope /Fo"Debug\\" /Fd"Debug\vc100.pdb" /Gd /TP /analyze- /errorReport:prompt source\Game_Draw.cpp /D_ITERATOR_DEBUG_LEVEL=0 
         Game_Draw.cpp
       ResourceCompile:
         All outputs are up-to-date.
       Link:
         c:\Program Files (x86)\Microsoft Visual Studio 10.0\VC\bin\link.exe /ERRORREPORT:PROMPT /OUT:"C:\Users\Bennettbugs\Game_Development\Living_Code\Debug\Living_Code.exe" /NOLOGO kernel32.lib user32.lib gdi32.lib winspool.lib comdlg32.lib advapi32.lib shell32.lib ole32.lib oleaut32.lib uuid.lib odbc32.lib odbccp32.lib winmm.lib comctl32.lib glew32.lib opengl32.lib glu32.lib SOIL.lib bass.lib kernel32.lib user32.lib gdi32.lib winspool.lib comdlg32.lib advapi32.lib shell32.lib ole32.lib oleaut32.lib uuid.lib odbc32.lib odbccp32.lib /MANIFEST /ManifestFile:"Debug\Living_Code.exe.intermediate.manifest" /MANIFESTUAC:"level='asInvoker' uiAccess='false'" /DEBUG /PDB:"C:\Users\Bennettbugs\Game_Development\Living_Code\Debug\Living_Code.pdb" /ASSEMBLYDEBUG /PGD:"C:\Users\Bennettbugs\Game_Development\Living_Code\Debug\Living_Code.pgd" /LTCG:PGInstrument /TLBID:1 /DYNAMICBASE /NXCOMPAT /IMPLIB:"C:\Users\Bennettbugs\Game_Development\Living_Code\Debug\Living_Code.lib" /MACHINE:X86 Debug\Win_Stuff.res
         Debug\main.obj
         Debug\ai.obj
         Debug\App.obj
         Debug\Debug.obj
         Debug\Draw_Utility.obj
         Debug\Engine.obj
         Debug\Engine_Draw.obj
         Debug\Engine_Events.obj
         Debug\Functions.obj
         Debug\Game.obj
         Debug\Game_Draw.obj
         Debug\Game_Update.obj
         Debug\MainWinProc.obj
         Debug\myMath.obj
         Debug\Object.obj
         Debug\OpenGL.obj
         Debug\OpenGL_Default.obj
         Debug\OpenGL_New.obj
         Debug\Particle_System.obj
         Debug\Resources.obj
         Debug\Screen.obj
         Debug\Screen_Draw.obj
         Debug\Screen_Menus.obj
         Debug\Threader.obj
         Debug\Timer.obj
         Debug\Utility.obj
         Debug\Win32_GUI.obj
         Debug\XBox.obj /NODEFAULTLIB:LIBCMT /LTCG 
         Generating code
         Finished generating code
     1>SOIL.lib(SOIL.obj) : warning LNK4099: PDB 'vc100.pdb' was not found with 'SOIL.lib(SOIL.obj)' or at 'C:\Users\Bennettbugs\Game_Development\Living_Code\Debug\vc100.pdb'; linking object as if no debug info
     1>SOIL.lib(stb_image_aug.obj) : warning LNK4099: PDB 'vc100.pdb' was not found with 'SOIL.lib(stb_image_aug.obj)' or at 'C:\Users\Bennettbugs\Game_Development\Living_Code\Debug\vc100.pdb'; linking object as if no debug info
     1>SOIL.lib(image_helper.obj) : warning LNK4099: PDB 'vc100.pdb' was not found with 'SOIL.lib(image_helper.obj)' or at 'C:\Users\Bennettbugs\Game_Development\Living_Code\Debug\vc100.pdb'; linking object as if no debug info
     1>SOIL.lib(image_DXT.obj) : warning LNK4099: PDB 'vc100.pdb' was not found with 'SOIL.lib(image_DXT.obj)' or at 'C:\Users\Bennettbugs\Game_Development\Living_Code\Debug\vc100.pdb'; linking object as if no debug info
         Living_Code.vcxproj -> C:\Users\Bennettbugs\Game_Development\Living_Code\Debug\Living_Code.exe
       Manifest:
         c:\Program Files (x86)\Microsoft Visual Studio 10.0\VC\bin\mt.exe /nologo /verbose /outputresource:"C:\Users\Bennettbugs\Game_Development\Living_Code\Debug\Living_Code.exe;#1" /manifest Debug\Living_Code.exe.intermediate.manifest
       FinalizeBuildStatus:
         Deleting file "Debug\Living_Code.unsuccessfulbuild".
         Touching "Debug\Living_Code.lastbuildstate".
     1>Done Building Project "C:\Users\Bennettbugs\Game_Development\Living_Code\Living_Code\Living_Code.vcxproj" (build target(s)).

Build succeeded.

Time Elapsed 00:00:02.27
